android-twa/app/build/intermediates/manifest_merge_blame_file/debug/manifest-merger-blame-debug-report.txt
1<?xml version="1.0" encoding="utf-8"?>
2<manifest xmlns:android="http://schemas.android.com/apk/res/android"
3    package="com.fieldflowpro.twa"
4    android:versionCode="1"
5    android:versionName="1.0.0" >
6
7    <uses-sdk
8        android:minSdkVersion="23"
9        android:targetSdkVersion="34" />
10
11    <uses-permission android:name="android.permission.INTERNET" />
11-->src/main/AndroidManifest.xml:4:5-67
11-->src/main/AndroidManifest.xml:4:22-64
12    <uses-permission android:name="android.permission.ACCESS_FINE_LOCATION" />
12-->src/main/AndroidManifest.xml:5:5-79
12-->src/main/AndroidManifest.xml:5:22-76
13    <uses-permission android:name="android.permission.ACCESS_COARSE_LOCATION" />
13-->src/main/AndroidManifest.xml:6:5-81
13-->src/main/AndroidManifest.xml:6:22-78
14    <uses-permission android:name="android.permission.CAMERA" />
14-->src/main/AndroidManifest.xml:7:5-65
14-->src/main/AndroidManifest.xml:7:22-62
15
16    <queries>
16-->[com.google.androidbrowserhelper:androidbrowserhelper:2.5.0] AndroidManifest.xml:26:5-34:15
17        <intent>
17-->[com.google.androidbrowserhelper:androidbrowserhelper:2.5.0] AndroidManifest.xml:27:9-33:18
18            <action android:name="android.intent.action.VIEW" />
18-->src/main/AndroidManifest.xml:55:17-69
18-->src/main/AndroidManifest.xml:55:25-66
19
20            <category android:name="android.intent.category.BROWSABLE" />
20-->src/main/AndroidManifest.xml:57:17-78
20-->src/main/AndroidManifest.xml:57:27-75
21
22            <data android:scheme="https" />
22-->src/main/AndroidManifest.xml:58:23-45
23        </intent>
24    </queries>
25
26    <application
27        android:allowBackup="true"
27-->src/main/AndroidManifest.xml:10:9-35
28        android:appComponentFactory="androidx.core.app.CoreComponentFactory"
28-->[androidx.core:core:1.1.0] AndroidManifest.xml:24:18-86
29        android:debuggable="true"
30        android:extractNativeLibs="false"
31        android:icon="@mipmap/ic_launcher"
31-->src/main/AndroidManifest.xml:11:9-43
32        android:label="FieldFlow Pro"
32-->src/main/AndroidManifest.xml:12:9-40
33        android:supportsRtl="true"
33-->src/main/AndroidManifest.xml:13:9-35
34        android:theme="@style/Theme.FieldFlowPro" >
34-->src/main/AndroidManifest.xml:14:9-50
35        <meta-data
36            android:name="asset_statements"
36-->src/main/AndroidManifest.xml:17:13-44
37            android:value="[{ &quot;relation&quot;: [&quot;delegate_permission/common.handle_all_urls&quot;], &quot;target&quot;: {&quot;namespace&quot;: &quot;web&quot;, &quot;site&quot;: &quot;https://cre-remarks.preview.emergentagent.com&quot;}}]" />
37-->src/main/AndroidManifest.xml:18:13-47
38
39        <activity
39-->src/main/AndroidManifest.xml:20:9-60:20
40            android:name="com.google.androidbrowserhelper.trusted.LauncherActivity"
40-->src/main/AndroidManifest.xml:21:13-84
41            android:exported="true"
41-->src/main/AndroidManifest.xml:22:13-36
42            android:theme="@style/Theme.FieldFlowPro.Splash" >
42-->src/main/AndroidManifest.xml:23:13-61
43            <meta-data
44                android:name="android.support.customtabs.trusted.DEFAULT_URL"
44-->src/main/AndroidManifest.xml:26:17-78
45                android:value="https://cre-remarks.preview.emergentagent.com" />
45-->src/main/AndroidManifest.xml:27:17-46
46            <meta-data
46-->src/main/AndroidManifest.xml:29:13-31:58
47                android:name="android.support.customtabs.trusted.STATUS_BAR_COLOR"
47-->src/main/AndroidManifest.xml:30:17-83
48                android:resource="@color/colorPrimary" />
48-->src/main/AndroidManifest.xml:31:17-55
49            <meta-data
49-->src/main/AndroidManifest.xml:33:13-35:64
50                android:name="android.support.customtabs.trusted.NAVIGATION_BAR_COLOR"
50-->src/main/AndroidManifest.xml:34:17-87
51                android:resource="@color/navigationBarColor" />
51-->src/main/AndroidManifest.xml:35:17-61
52            <meta-data
52-->src/main/AndroidManifest.xml:37:13-39:55
53                android:name="android.support.customtabs.trusted.SPLASH_IMAGE_DRAWABLE"
53-->src/main/AndroidManifest.xml:38:17-88
54                android:resource="@drawable/splash" />
54-->src/main/AndroidManifest.xml:39:17-52
55            <meta-data
55-->src/main/AndroidManifest.xml:41:13-43:61
56                android:name="android.support.customtabs.trusted.SPLASH_SCREEN_BACKGROUND_COLOR"
56-->src/main/AndroidManifest.xml:42:17-97
57                android:resource="@color/backgroundColor" />
57-->src/main/AndroidManifest.xml:43:17-58
58            <meta-data
58-->src/main/AndroidManifest.xml:45:13-47:44
59                android:name="android.support.customtabs.trusted.SCREEN_ORIENTATION"
59-->src/main/AndroidManifest.xml:46:17-85
60                android:value="portrait" />
60-->src/main/AndroidManifest.xml:47:17-41
61
62            <intent-filter>
62-->src/main/AndroidManifest.xml:49:13-52:29
63                <action android:name="android.intent.action.MAIN" />
63-->src/main/AndroidManifest.xml:50:17-69
63-->src/main/AndroidManifest.xml:50:25-66
64
65                <category android:name="android.intent.category.LAUNCHER" />
65-->src/main/AndroidManifest.xml:51:17-77
65-->src/main/AndroidManifest.xml:51:27-74
66            </intent-filter>
67            <intent-filter android:autoVerify="true" >
67-->src/main/AndroidManifest.xml:54:13-59:29
67-->src/main/AndroidManifest.xml:54:28-53
68                <action android:name="android.intent.action.VIEW" />
68-->src/main/AndroidManifest.xml:55:17-69
68-->src/main/AndroidManifest.xml:55:25-66
69
70                <category android:name="android.intent.category.DEFAULT" />
70-->src/main/AndroidManifest.xml:56:17-76
70-->src/main/AndroidManifest.xml:56:27-73
71                <category android:name="android.intent.category.BROWSABLE" />
71-->src/main/AndroidManifest.xml:57:17-78
71-->src/main/AndroidManifest.xml:57:27-75
72
73                <data
74                    android:host="cre-remarks.preview.emergentagent.com"
74-->src/main/AndroidManifest.xml:58:46-72
75                    android:scheme="https" />
75-->src/main/AndroidManifest.xml:58:23-45
76            </intent-filter>
77        </activity>
78    </application>
79
80</manifest>